[INFO  - 2017-10-30T13:50:36.930Z] GhostDriver - Main - running on port 61469
[INFO  - 2017-10-30T13:50:37.064Z] Session [4ee7dc40-bd79-11e7-92fb-7979f8f82f35] - page.settings - {"XSSAuditingEnabled":false,"javascriptCanCloseWindows":true,"javascriptCanOpenWindows":true,"javascriptEnabled":true,"loadImages":true,"localToRemoteUrlAccessEnabled":false,"userAgent":"Mozilla/5.0 (Macintosh; Intel Mac OS X) AppleWebKit/538.1 (KHTML, like Gecko) PhantomJS/2.1.1 Safari/538.1","webSecurityEnabled":true}
[INFO  - 2017-10-30T13:50:37.064Z] Session [4ee7dc40-bd79-11e7-92fb-7979f8f82f35] - page.customHeaders:  - {}
[INFO  - 2017-10-30T13:50:37.064Z] Session [4ee7dc40-bd79-11e7-92fb-7979f8f82f35] - Session.negotiatedCapabilities - {"browserName":"phantomjs","version":"2.1.1","driverName":"ghostdriver","driverVersion":"1.2.0","platform":"mac-unknown-64bit","javascriptEnabled":true,"takesScreenshot":true,"handlesAlerts":false,"databaseEnabled":false,"locationContextEnabled":false,"applicationCacheEnabled":false,"browserConnectionEnabled":false,"cssSelectorsEnabled":true,"webStorageEnabled":false,"rotatable":false,"acceptSslCerts":false,"nativeEvents":true,"proxy":{"proxyType":"direct"}}
[INFO  - 2017-10-30T13:50:37.064Z] SessionManagerReqHand - _postNewSessionCommand - New Session Created: 4ee7dc40-bd79-11e7-92fb-7979f8f82f35
[ERROR - 2017-10-30T13:50:37.077Z] RouterReqHand - _handle.error - {"name":"Missing Command Parameter","message":"{\"headers\":{\"Accept\":\"application/json\",\"Accept-Encoding\":\"identity\",\"Connection\":\"close\",\"Content-Length\":\"72\",\"Content-Type\":\"application/json;charset=UTF-8\",\"Host\":\"127.0.0.1:61469\",\"User-Agent\":\"Python http auth\"},\"httpVersion\":\"1.1\",\"method\":\"POST\",\"post\":\"{\\\"pageLoad\\\": 55000, \\\"sessionId\\\": \\\"4ee7dc40-bd79-11e7-92fb-7979f8f82f35\\\"}\",\"url\":\"/timeouts\",\"urlParsed\":{\"anchor\":\"\",\"query\":\"\",\"file\":\"timeouts\",\"directory\":\"/\",\"path\":\"/timeouts\",\"relative\":\"/timeouts\",\"port\":\"\",\"host\":\"\",\"password\":\"\",\"user\":\"\",\"userInfo\":\"\",\"authority\":\"\",\"protocol\":\"\",\"source\":\"/timeouts\",\"queryKey\":{},\"chunks\":[\"timeouts\"]},\"urlOriginal\":\"/session/4ee7dc40-bd79-11e7-92fb-7979f8f82f35/timeouts\"}","line":546,"sourceURL":"phantomjs://code/session_request_handler.js","stack":"_postTimeout@phantomjs://code/session_request_handler.js:546:73\n_handle@phantomjs://code/session_request_handler.js:148:25\n_reroute@phantomjs://code/request_handler.js:61:20\n_handle@phantomjs://code/router_request_handler.js:78:46"}

  phantomjs://platform/console++.js:263 in error
[ERROR - 2017-10-30T13:50:39.032Z] Session [4ee7dc40-bd79-11e7-92fb-7979f8f82f35] - page.onError - msg: TypeError: undefined is not a constructor (evaluating '$(".cmxForm").validate()')

  phantomjs://platform/console++.js:263 in error
[ERROR - 2017-10-30T13:50:39.032Z] Session [4ee7dc40-bd79-11e7-92fb-7979f8f82f35] - page.onError - stack:
  (anonymous function) (https://www.michigan.gov/js/jquery.meanmenu.js:392)
  o (https://ajax.googleapis.com/ajax/libs/jquery/1.7.2/jquery.min.js:2)
  fireWith (https://ajax.googleapis.com/ajax/libs/jquery/1.7.2/jquery.min.js:2)
  ready (https://ajax.googleapis.com/ajax/libs/jquery/1.7.2/jquery.min.js:2)
  B (https://ajax.googleapis.com/ajax/libs/jquery/1.7.2/jquery.min.js:2)

  phantomjs://platform/console++.js:263 in error
[ERROR - 2017-10-30T13:50:45.007Z] Session [4ee7dc40-bd79-11e7-92fb-7979f8f82f35] - page.onError - msg: TypeError: undefined is not a constructor (evaluating '$(".cmxForm").validate()')

  phantomjs://platform/console++.js:263 in error
[ERROR - 2017-10-30T13:50:45.011Z] Session [4ee7dc40-bd79-11e7-92fb-7979f8f82f35] - page.onError - stack:
  (anonymous function) (https://www.michigan.gov/js/jquery.meanmenu.js:392)
  o (https://ajax.googleapis.com/ajax/libs/jquery/1.7.2/jquery.min.js:2)
  fireWith (https://ajax.googleapis.com/ajax/libs/jquery/1.7.2/jquery.min.js:2)
  ready (https://ajax.googleapis.com/ajax/libs/jquery/1.7.2/jquery.min.js:2)
  B (https://ajax.googleapis.com/ajax/libs/jquery/1.7.2/jquery.min.js:2)

  phantomjs://platform/console++.js:263 in error
[ERROR - 2017-10-30T13:50:45.624Z] Session [4ee7dc40-bd79-11e7-92fb-7979f8f82f35] - page.onError - msg: TypeError: undefined is not a constructor (evaluating '$(".cmxForm").validate()')

  phantomjs://platform/console++.js:263 in error
[ERROR - 2017-10-30T13:50:45.624Z] Session [4ee7dc40-bd79-11e7-92fb-7979f8f82f35] - page.onError - stack:
  (anonymous function) (https://www.michigan.gov/js/jquery.meanmenu.js:392)
  o (https://ajax.googleapis.com/ajax/libs/jquery/1.7.2/jquery.min.js:2)
  fireWith (https://ajax.googleapis.com/ajax/libs/jquery/1.7.2/jquery.min.js:2)
  ready (https://ajax.googleapis.com/ajax/libs/jquery/1.7.2/jquery.min.js:2)
  B (https://ajax.googleapis.com/ajax/libs/jquery/1.7.2/jquery.min.js:2)

  phantomjs://platform/console++.js:263 in error
[ERROR - 2017-10-30T13:50:55.726Z] Session [4ee7dc40-bd79-11e7-92fb-7979f8f82f35] - page.onError - msg: TypeError: undefined is not a constructor (evaluating '$(".cmxForm").validate()')

  phantomjs://platform/console++.js:263 in error
[ERROR - 2017-10-30T13:50:55.732Z] Session [4ee7dc40-bd79-11e7-92fb-7979f8f82f35] - page.onError - stack:
  (anonymous function) (https://www.michigan.gov/js/jquery.meanmenu.js:392)
  o (https://ajax.googleapis.com/ajax/libs/jquery/1.7.2/jquery.min.js:2)
  fireWith (https://ajax.googleapis.com/ajax/libs/jquery/1.7.2/jquery.min.js:2)
  ready (https://ajax.googleapis.com/ajax/libs/jquery/1.7.2/jquery.min.js:2)
  B (https://ajax.googleapis.com/ajax/libs/jquery/1.7.2/jquery.min.js:2)

  phantomjs://platform/console++.js:263 in error
[ERROR - 2017-10-30T13:50:58.553Z] Session [4ee7dc40-bd79-11e7-92fb-7979f8f82f35] - page.onError - msg: TypeError: undefined is not a constructor (evaluating '$(".cmxForm").validate()')

  phantomjs://platform/console++.js:263 in error
[ERROR - 2017-10-30T13:50:58.553Z] Session [4ee7dc40-bd79-11e7-92fb-7979f8f82f35] - page.onError - stack:
  (anonymous function) (https://www.michigan.gov/js/jquery.meanmenu.js:392)
  o (https://ajax.googleapis.com/ajax/libs/jquery/1.7.2/jquery.min.js:2)
  fireWith (https://ajax.googleapis.com/ajax/libs/jquery/1.7.2/jquery.min.js:2)
  ready (https://ajax.googleapis.com/ajax/libs/jquery/1.7.2/jquery.min.js:2)
  B (https://ajax.googleapis.com/ajax/libs/jquery/1.7.2/jquery.min.js:2)

  phantomjs://platform/console++.js:263 in error
